<?xml version="1.0" encoding="UTF-8"?>
<testng-results skipped="0" failed="0" total="1" passed="1">
  <reporter-output>
  </reporter-output>
  <suite name="Suite" duration-ms="98995" started-at="2018-12-19T12:19:05Z" finished-at="2018-12-19T12:20:44Z">
    <groups>
    </groups>
    <test name="Test" duration-ms="98995" started-at="2018-12-19T12:19:05Z" finished-at="2018-12-19T12:20:44Z">
      <class name="com.eccomerse.CountUnreadMail">
        <test-method status="PASS" signature="count()[pri:0, instance:com.eccomerse.CountUnreadMail@d8355a8]" name="count" duration-ms="98794" started-at="2018-12-19T17:49:05Z" finished-at="2018-12-19T17:50:44Z">
          <reporter-output>
          </reporter-output>
        </test-method> <!-- count -->
      </class> <!-- com.eccomerse.CountUnreadMail -->
    </test> <!-- Test -->
  </suite> <!-- Suite -->
</testng-results>
